2022-09-21 15:30:36,578 [Worker-2: Loading available Gradle versions] INFO  o.e.b.c.i.u.g.PublishedGradleVersions - Gradle version information cache is out-of-date. Trying to update.
2022-09-21 15:30:40,174 [Worker-2: Loading available Gradle versions] INFO  o.e.b.c.i.u.g.PublishedGradleVersions - Updating Gradle version information cache failed. Using outdated cache.
2022-09-21 19:09:18,100 [Worker-1: Loading available Gradle versions] INFO  o.e.b.c.i.u.g.PublishedGradleVersions - Gradle version information cache is out-of-date. Trying to update.
2022-09-21 19:09:19,363 [Worker-1: Loading available Gradle versions] INFO  o.e.b.c.i.u.g.PublishedGradleVersions - Updating Gradle version information cache failed. Using outdated cache.
2022-09-23 12:51:47,216 [Worker-2: Loading available Gradle versions] INFO  o.e.b.c.i.u.g.PublishedGradleVersions - Gradle version information cache is out-of-date. Trying to update.
2022-09-23 12:51:50,813 [Worker-2: Loading available Gradle versions] INFO  o.e.b.c.i.u.g.PublishedGradleVersions - Updating Gradle version information cache failed. Using outdated cache.
2022-09-27 09:58:35,125 [Worker-459] WARN  o.e.r.models.ModelRepository - Failed to download org.eclipse.recommenders:index::zip:0.0.0
org.eclipse.aether.resolution.ArtifactResolutionException: Could not find artifact org.eclipse.recommenders:index:zip:0.0.0-SNAPSHOT in models (http://download.eclipse.org/recommenders/models/neon/)
	at org.eclipse.aether.internal.impl.DefaultArtifactResolver.resolve(DefaultArtifactResolver.java:444) ~[na:na]
	at org.eclipse.aether.internal.impl.DefaultArtifactResolver.resolveArtifacts(DefaultArtifactResolver.java:246) ~[na:na]
	at org.eclipse.aether.internal.impl.DefaultArtifactResolver.resolveArtifact(DefaultArtifactResolver.java:223) ~[na:na]
	at org.eclipse.aether.internal.impl.DefaultRepositorySystem.resolveArtifact(DefaultRepositorySystem.java:294) ~[na:na]
	at org.eclipse.recommenders.models.ModelRepository.resolveInternal(ModelRepository.java:193) [org.eclipse.recommenders.models_2.4.6.v20170307-1041.jar:na]
	at org.eclipse.recommenders.models.ModelRepository.resolve(ModelRepository.java:172) [org.eclipse.recommenders.models_2.4.6.v20170307-1041.jar:na]
	at org.eclipse.recommenders.internal.models.rcp.EclipseModelRepository.resolve(EclipseModelRepository.java:169) [org.eclipse.recommenders.models.rcp_2.4.6.v20170307-1041.jar:na]
	at org.eclipse.recommenders.internal.models.rcp.DownloadModelArchiveJob.run(DownloadModelArchiveJob.java:76) [org.eclipse.recommenders.models.rcp_2.4.6.v20170307-1041.jar:na]
	at org.eclipse.core.internal.jobs.Worker.run(Worker.java:55) [org.eclipse.core.jobs_3.8.0.v20160509-0411.jar:na]
Caused by: org.eclipse.aether.transfer.ArtifactNotFoundException: Could not find artifact org.eclipse.recommenders:index:zip:0.0.0-SNAPSHOT in models (http://download.eclipse.org/recommenders/models/neon/)
	at org.eclipse.aether.connector.basic.ArtifactTransportListener.transferFailed(ArtifactTransportListener.java:39) ~[org.eclipse.aether.connector.basic_1.0.1.v20141111.jar:na]
	at org.eclipse.aether.connector.basic.BasicRepositoryConnector$TaskRunner.run(BasicRepositoryConnector.java:355) ~[org.eclipse.aether.connector.basic_1.0.1.v20141111.jar:na]
	at org.eclipse.aether.util.concurrency.RunnableErrorForwarder$1.run(RunnableErrorForwarder.java:67) ~[na:na]
	at org.eclipse.aether.connector.basic.BasicRepositoryConnector$DirectExecutor.execute(BasicRepositoryConnector.java:581) ~[org.eclipse.aether.connector.basic_1.0.1.v20141111.jar:na]
	at org.eclipse.aether.connector.basic.BasicRepositoryConnector.get(BasicRepositoryConnector.java:249) ~[org.eclipse.aether.connector.basic_1.0.1.v20141111.jar:na]
	at org.eclipse.aether.internal.impl.DefaultArtifactResolver.performDownloads(DefaultArtifactResolver.java:520) ~[na:na]
	at org.eclipse.aether.internal.impl.DefaultArtifactResolver.resolve(DefaultArtifactResolver.java:421) ~[na:na]
	... 8 common frames omitted
2022-10-03 09:56:13,152 [Worker-13] INFO  o.e.m.c.i.l.LifecycleMappingFactory - Using org.eclipse.m2e.jdt.JarLifecycleMapping lifecycle mapping for MavenProject: com.ojas:JavaStreamApi:0.0.1-SNAPSHOT @ D:\workspace\JavaStreamApi\pom.xml.
2022-10-03 09:56:16,542 [Worker-13] INFO  o.e.m.j.i.AbstractJavaProjectConfigurator - Adding source folder /JavaStreamApi/src/main/java
2022-10-03 09:56:16,543 [Worker-13] INFO  o.e.m.j.i.AbstractJavaProjectConfigurator - Adding resource folder /JavaStreamApi/src/main/resources
2022-10-03 09:56:16,543 [Worker-13] INFO  o.e.m.j.i.AbstractJavaProjectConfigurator - Adding source folder /JavaStreamApi/src/test/java
2022-10-03 09:56:16,544 [Worker-13] INFO  o.e.m.j.i.AbstractJavaProjectConfigurator - Adding resource folder /JavaStreamApi/src/test/resources
2022-10-03 09:56:17,025 [Worker-14] WARN  o.e.m.c.i.embedder.EclipseLogger - Using platform encoding (Cp1252 actually) to copy filtered resources, i.e. build is platform dependent!
2022-10-03 09:56:17,029 [Worker-14] INFO  o.e.m.c.i.embedder.EclipseLogger - Copying 0 resource
2022-10-03 09:56:17,031 [Worker-14] WARN  o.e.m.c.i.embedder.EclipseLogger - Using platform encoding (Cp1252 actually) to copy filtered resources, i.e. build is platform dependent!
2022-10-03 09:56:17,032 [Worker-14] INFO  o.e.m.c.i.embedder.EclipseLogger - Copying 0 resource
2022-10-03 09:58:13,879 [Worker-9] WARN  o.e.m.c.i.embedder.EclipseLogger - Using platform encoding (Cp1252 actually) to copy filtered resources, i.e. build is platform dependent!
2022-10-03 09:58:13,897 [Worker-9] INFO  o.e.m.c.i.embedder.EclipseLogger - Copying 0 resource
2022-10-03 09:58:13,901 [Worker-9] WARN  o.e.m.c.i.embedder.EclipseLogger - Using platform encoding (Cp1252 actually) to copy filtered resources, i.e. build is platform dependent!
2022-10-03 09:58:13,901 [Worker-9] INFO  o.e.m.c.i.embedder.EclipseLogger - Copying 0 resource
2022-10-03 11:41:27,748 [Worker-16] INFO  o.e.m.c.i.p.ProjectConfigurationManager - Update started
2022-10-03 11:41:29,089 [Worker-16] INFO  o.e.m.c.i.l.LifecycleMappingFactory - Using org.eclipse.m2e.jdt.JarLifecycleMapping lifecycle mapping for MavenProject: streams:streams:1.0-SNAPSHOT @ D:\workspace\java-streams-youtube\pom.xml.
2022-10-03 11:41:31,323 [Worker-16] INFO  o.e.m.j.i.AbstractJavaProjectConfigurator - Adding source folder /java-streams-youtube/src/main/java
2022-10-03 11:41:31,325 [Worker-16] INFO  o.e.m.j.i.AbstractJavaProjectConfigurator - Adding source folder /java-streams-youtube/src/test/java
2022-10-03 11:41:31,443 [Worker-16] INFO  o.e.m.c.i.p.ProjectConfigurationManager - Update completed: 3 sec
2022-10-03 11:41:31,652 [Worker-7] WARN  o.e.m.c.i.embedder.EclipseLogger - Using platform encoding (Cp1252 actually) to copy filtered resources, i.e. build is platform dependent!
2022-10-03 11:41:31,657 [Worker-7] INFO  o.e.m.c.i.embedder.EclipseLogger - Copying 0 resource
2022-10-03 11:41:31,659 [Worker-7] WARN  o.e.m.c.i.embedder.EclipseLogger - Using platform encoding (Cp1252 actually) to copy filtered resources, i.e. build is platform dependent!
2022-10-03 11:41:31,660 [Worker-7] INFO  o.e.m.c.i.embedder.EclipseLogger - Copying 0 resource
2022-10-03 11:41:31,732 [Worker-7] WARN  o.e.m.c.i.embedder.EclipseLogger - Using platform encoding (Cp1252 actually) to copy filtered resources, i.e. build is platform dependent!
2022-10-03 11:41:31,732 [Worker-7] INFO  o.e.m.c.i.embedder.EclipseLogger - skip non existing resourceDirectory D:\workspace\java-streams-youtube\src\main\resources
2022-10-03 11:41:31,733 [Worker-7] WARN  o.e.m.c.i.embedder.EclipseLogger - Using platform encoding (Cp1252 actually) to copy filtered resources, i.e. build is platform dependent!
2022-10-03 11:41:31,734 [Worker-7] INFO  o.e.m.c.i.embedder.EclipseLogger - skip non existing resourceDirectory D:\workspace\java-streams-youtube\src\test\resources
2022-10-03 11:59:05,060 [Worker-23] WARN  o.e.m.c.i.embedder.EclipseLogger - Using platform encoding (Cp1252 actually) to copy filtered resources, i.e. build is platform dependent!
2022-10-03 11:59:05,061 [Worker-23] INFO  o.e.m.c.i.embedder.EclipseLogger - skip non existing resourceDirectory D:\workspace\java-streams-youtube\src\main\resources
2022-10-03 11:59:05,063 [Worker-23] WARN  o.e.m.c.i.embedder.EclipseLogger - Using platform encoding (Cp1252 actually) to copy filtered resources, i.e. build is platform dependent!
2022-10-03 11:59:05,063 [Worker-23] INFO  o.e.m.c.i.embedder.EclipseLogger - skip non existing resourceDirectory D:\workspace\java-streams-youtube\src\test\resources
2022-10-03 12:01:59,420 [Worker-18] WARN  o.e.m.c.i.embedder.EclipseLogger - Using platform encoding (Cp1252 actually) to copy filtered resources, i.e. build is platform dependent!
2022-10-03 12:01:59,421 [Worker-18] INFO  o.e.m.c.i.embedder.EclipseLogger - skip non existing resourceDirectory D:\workspace\java-streams-youtube\src\main\resources
2022-10-03 12:01:59,422 [Worker-18] WARN  o.e.m.c.i.embedder.EclipseLogger - Using platform encoding (Cp1252 actually) to copy filtered resources, i.e. build is platform dependent!
2022-10-03 12:01:59,422 [Worker-18] INFO  o.e.m.c.i.embedder.EclipseLogger - skip non existing resourceDirectory D:\workspace\java-streams-youtube\src\test\resources
2022-10-03 12:02:29,076 [Worker-23] WARN  o.e.m.c.i.embedder.EclipseLogger - Using platform encoding (Cp1252 actually) to copy filtered resources, i.e. build is platform dependent!
2022-10-03 12:02:29,077 [Worker-23] INFO  o.e.m.c.i.embedder.EclipseLogger - skip non existing resourceDirectory D:\workspace\java-streams-youtube\src\main\resources
2022-10-03 12:02:29,077 [Worker-23] WARN  o.e.m.c.i.embedder.EclipseLogger - Using platform encoding (Cp1252 actually) to copy filtered resources, i.e. build is platform dependent!
2022-10-03 12:02:29,079 [Worker-23] INFO  o.e.m.c.i.embedder.EclipseLogger - skip non existing resourceDirectory D:\workspace\java-streams-youtube\src\test\resources
2022-10-03 12:05:46,040 [Worker-25] WARN  o.e.m.c.i.embedder.EclipseLogger - Using platform encoding (Cp1252 actually) to copy filtered resources, i.e. build is platform dependent!
2022-10-03 12:05:46,053 [Worker-25] INFO  o.e.m.c.i.embedder.EclipseLogger - Copying 0 resource
2022-10-03 12:05:46,055 [Worker-25] WARN  o.e.m.c.i.embedder.EclipseLogger - Using platform encoding (Cp1252 actually) to copy filtered resources, i.e. build is platform dependent!
2022-10-03 12:05:46,056 [Worker-25] INFO  o.e.m.c.i.embedder.EclipseLogger - Copying 0 resource
2022-10-03 12:10:16,823 [Worker-25] WARN  o.e.m.c.i.embedder.EclipseLogger - Using platform encoding (Cp1252 actually) to copy filtered resources, i.e. build is platform dependent!
2022-10-03 12:10:16,823 [Worker-25] INFO  o.e.m.c.i.embedder.EclipseLogger - Copying 0 resource
2022-10-03 12:10:16,824 [Worker-25] WARN  o.e.m.c.i.embedder.EclipseLogger - Using platform encoding (Cp1252 actually) to copy filtered resources, i.e. build is platform dependent!
2022-10-03 12:10:16,825 [Worker-25] INFO  o.e.m.c.i.embedder.EclipseLogger - Copying 0 resource
2022-10-03 12:10:41,893 [Worker-20] WARN  o.e.m.c.i.embedder.EclipseLogger - Using platform encoding (Cp1252 actually) to copy filtered resources, i.e. build is platform dependent!
2022-10-03 12:10:41,895 [Worker-20] INFO  o.e.m.c.i.embedder.EclipseLogger - Copying 0 resource
2022-10-03 12:10:41,900 [Worker-20] WARN  o.e.m.c.i.embedder.EclipseLogger - Using platform encoding (Cp1252 actually) to copy filtered resources, i.e. build is platform dependent!
2022-10-03 12:10:41,901 [Worker-20] INFO  o.e.m.c.i.embedder.EclipseLogger - Copying 0 resource
2022-10-03 12:10:51,106 [Worker-21] WARN  o.e.m.c.i.embedder.EclipseLogger - Using platform encoding (Cp1252 actually) to copy filtered resources, i.e. build is platform dependent!
2022-10-03 12:10:51,107 [Worker-21] INFO  o.e.m.c.i.embedder.EclipseLogger - Copying 0 resource
2022-10-03 12:10:51,108 [Worker-21] WARN  o.e.m.c.i.embedder.EclipseLogger - Using platform encoding (Cp1252 actually) to copy filtered resources, i.e. build is platform dependent!
2022-10-03 12:10:51,109 [Worker-21] INFO  o.e.m.c.i.embedder.EclipseLogger - Copying 0 resource
2022-10-03 12:11:03,133 [Worker-28] WARN  o.e.m.c.i.embedder.EclipseLogger - Using platform encoding (Cp1252 actually) to copy filtered resources, i.e. build is platform dependent!
2022-10-03 12:11:03,134 [Worker-28] INFO  o.e.m.c.i.embedder.EclipseLogger - Copying 0 resource
2022-10-03 12:11:03,135 [Worker-28] WARN  o.e.m.c.i.embedder.EclipseLogger - Using platform encoding (Cp1252 actually) to copy filtered resources, i.e. build is platform dependent!
2022-10-03 12:11:03,136 [Worker-28] INFO  o.e.m.c.i.embedder.EclipseLogger - Copying 0 resource
2022-10-03 12:11:15,994 [Worker-26] WARN  o.e.m.c.i.embedder.EclipseLogger - Using platform encoding (Cp1252 actually) to copy filtered resources, i.e. build is platform dependent!
2022-10-03 12:11:15,995 [Worker-26] INFO  o.e.m.c.i.embedder.EclipseLogger - Copying 0 resource
2022-10-03 12:11:15,996 [Worker-26] WARN  o.e.m.c.i.embedder.EclipseLogger - Using platform encoding (Cp1252 actually) to copy filtered resources, i.e. build is platform dependent!
2022-10-03 12:11:15,997 [Worker-26] INFO  o.e.m.c.i.embedder.EclipseLogger - Copying 0 resource
2022-10-03 12:11:53,900 [Worker-22] WARN  o.e.m.c.i.embedder.EclipseLogger - Using platform encoding (Cp1252 actually) to copy filtered resources, i.e. build is platform dependent!
2022-10-03 12:11:53,901 [Worker-22] INFO  o.e.m.c.i.embedder.EclipseLogger - Copying 0 resource
2022-10-03 12:11:53,902 [Worker-22] WARN  o.e.m.c.i.embedder.EclipseLogger - Using platform encoding (Cp1252 actually) to copy filtered resources, i.e. build is platform dependent!
2022-10-03 12:11:53,902 [Worker-22] INFO  o.e.m.c.i.embedder.EclipseLogger - Copying 0 resource
2022-10-03 12:13:07,829 [Worker-28] WARN  o.e.m.c.i.embedder.EclipseLogger - Using platform encoding (Cp1252 actually) to copy filtered resources, i.e. build is platform dependent!
2022-10-03 12:13:07,830 [Worker-28] INFO  o.e.m.c.i.embedder.EclipseLogger - Copying 0 resource
2022-10-03 12:13:07,831 [Worker-28] WARN  o.e.m.c.i.embedder.EclipseLogger - Using platform encoding (Cp1252 actually) to copy filtered resources, i.e. build is platform dependent!
2022-10-03 12:13:07,832 [Worker-28] INFO  o.e.m.c.i.embedder.EclipseLogger - Copying 0 resource
2022-10-03 12:13:37,751 [Worker-21] WARN  o.e.m.c.i.embedder.EclipseLogger - Using platform encoding (Cp1252 actually) to copy filtered resources, i.e. build is platform dependent!
2022-10-03 12:13:37,752 [Worker-21] INFO  o.e.m.c.i.embedder.EclipseLogger - Copying 0 resource
2022-10-03 12:13:37,752 [Worker-21] WARN  o.e.m.c.i.embedder.EclipseLogger - Using platform encoding (Cp1252 actually) to copy filtered resources, i.e. build is platform dependent!
2022-10-03 12:13:37,753 [Worker-21] INFO  o.e.m.c.i.embedder.EclipseLogger - Copying 0 resource
2022-10-03 12:15:01,417 [Worker-20] WARN  o.e.r.models.ModelRepository - Failed to download org.eclipse.recommenders:index::zip:0.0.0
org.eclipse.aether.resolution.ArtifactResolutionException: Could not find artifact org.eclipse.recommenders:index:zip:0.0.0-SNAPSHOT in models (http://download.eclipse.org/recommenders/models/neon/)
	at org.eclipse.aether.internal.impl.DefaultArtifactResolver.resolve(DefaultArtifactResolver.java:444) ~[na:na]
	at org.eclipse.aether.internal.impl.DefaultArtifactResolver.resolveArtifacts(DefaultArtifactResolver.java:246) ~[na:na]
	at org.eclipse.aether.internal.impl.DefaultArtifactResolver.resolveArtifact(DefaultArtifactResolver.java:223) ~[na:na]
	at org.eclipse.aether.internal.impl.DefaultRepositorySystem.resolveArtifact(DefaultRepositorySystem.java:294) ~[na:na]
	at org.eclipse.recommenders.models.ModelRepository.resolveInternal(ModelRepository.java:193) [org.eclipse.recommenders.models_2.4.6.v20170307-1041.jar:na]
	at org.eclipse.recommenders.models.ModelRepository.resolve(ModelRepository.java:172) [org.eclipse.recommenders.models_2.4.6.v20170307-1041.jar:na]
	at org.eclipse.recommenders.internal.models.rcp.EclipseModelRepository.resolve(EclipseModelRepository.java:169) [org.eclipse.recommenders.models.rcp_2.4.6.v20170307-1041.jar:na]
	at org.eclipse.recommenders.internal.models.rcp.DownloadModelArchiveJob.run(DownloadModelArchiveJob.java:76) [org.eclipse.recommenders.models.rcp_2.4.6.v20170307-1041.jar:na]
	at org.eclipse.core.internal.jobs.Worker.run(Worker.java:55) [org.eclipse.core.jobs_3.8.0.v20160509-0411.jar:na]
Caused by: org.eclipse.aether.transfer.ArtifactNotFoundException: Could not find artifact org.eclipse.recommenders:index:zip:0.0.0-SNAPSHOT in models (http://download.eclipse.org/recommenders/models/neon/)
	at org.eclipse.aether.connector.basic.ArtifactTransportListener.transferFailed(ArtifactTransportListener.java:39) ~[org.eclipse.aether.connector.basic_1.0.1.v20141111.jar:na]
	at org.eclipse.aether.connector.basic.BasicRepositoryConnector$TaskRunner.run(BasicRepositoryConnector.java:355) ~[org.eclipse.aether.connector.basic_1.0.1.v20141111.jar:na]
	at org.eclipse.aether.util.concurrency.RunnableErrorForwarder$1.run(RunnableErrorForwarder.java:67) ~[na:na]
	at org.eclipse.aether.connector.basic.BasicRepositoryConnector$DirectExecutor.execute(BasicRepositoryConnector.java:581) ~[org.eclipse.aether.connector.basic_1.0.1.v20141111.jar:na]
	at org.eclipse.aether.connector.basic.BasicRepositoryConnector.get(BasicRepositoryConnector.java:249) ~[org.eclipse.aether.connector.basic_1.0.1.v20141111.jar:na]
	at org.eclipse.aether.internal.impl.DefaultArtifactResolver.performDownloads(DefaultArtifactResolver.java:520) ~[na:na]
	at org.eclipse.aether.internal.impl.DefaultArtifactResolver.resolve(DefaultArtifactResolver.java:421) ~[na:na]
	... 8 common frames omitted
2022-10-03 12:16:22,600 [Worker-28] WARN  o.e.m.c.i.embedder.EclipseLogger - Using platform encoding (Cp1252 actually) to copy filtered resources, i.e. build is platform dependent!
2022-10-03 12:16:22,601 [Worker-28] INFO  o.e.m.c.i.embedder.EclipseLogger - Copying 0 resource
2022-10-03 12:16:22,602 [Worker-28] WARN  o.e.m.c.i.embedder.EclipseLogger - Using platform encoding (Cp1252 actually) to copy filtered resources, i.e. build is platform dependent!
2022-10-03 12:16:22,602 [Worker-28] INFO  o.e.m.c.i.embedder.EclipseLogger - Copying 0 resource
2022-10-03 12:19:51,022 [Worker-22] WARN  o.e.m.c.i.embedder.EclipseLogger - Using platform encoding (Cp1252 actually) to copy filtered resources, i.e. build is platform dependent!
2022-10-03 12:19:51,023 [Worker-22] INFO  o.e.m.c.i.embedder.EclipseLogger - Copying 0 resource
2022-10-03 12:19:51,024 [Worker-22] WARN  o.e.m.c.i.embedder.EclipseLogger - Using platform encoding (Cp1252 actually) to copy filtered resources, i.e. build is platform dependent!
2022-10-03 12:19:51,025 [Worker-22] INFO  o.e.m.c.i.embedder.EclipseLogger - Copying 0 resource
2022-10-03 12:20:01,070 [Worker-21] WARN  o.e.m.c.i.embedder.EclipseLogger - Using platform encoding (Cp1252 actually) to copy filtered resources, i.e. build is platform dependent!
2022-10-03 12:20:01,071 [Worker-21] INFO  o.e.m.c.i.embedder.EclipseLogger - Copying 0 resource
2022-10-03 12:20:01,072 [Worker-21] WARN  o.e.m.c.i.embedder.EclipseLogger - Using platform encoding (Cp1252 actually) to copy filtered resources, i.e. build is platform dependent!
2022-10-03 12:20:01,072 [Worker-21] INFO  o.e.m.c.i.embedder.EclipseLogger - Copying 0 resource
2022-10-03 12:25:23,751 [Worker-28] WARN  o.e.m.c.i.embedder.EclipseLogger - Using platform encoding (Cp1252 actually) to copy filtered resources, i.e. build is platform dependent!
2022-10-03 12:25:23,752 [Worker-28] INFO  o.e.m.c.i.embedder.EclipseLogger - Copying 0 resource
2022-10-03 12:25:23,753 [Worker-28] WARN  o.e.m.c.i.embedder.EclipseLogger - Using platform encoding (Cp1252 actually) to copy filtered resources, i.e. build is platform dependent!
2022-10-03 12:25:23,753 [Worker-28] INFO  o.e.m.c.i.embedder.EclipseLogger - Copying 0 resource
2022-10-03 12:25:51,263 [Worker-31] WARN  o.e.m.c.i.embedder.EclipseLogger - Using platform encoding (Cp1252 actually) to copy filtered resources, i.e. build is platform dependent!
2022-10-03 12:25:51,264 [Worker-31] INFO  o.e.m.c.i.embedder.EclipseLogger - Copying 0 resource
2022-10-03 12:25:51,264 [Worker-31] WARN  o.e.m.c.i.embedder.EclipseLogger - Using platform encoding (Cp1252 actually) to copy filtered resources, i.e. build is platform dependent!
2022-10-03 12:25:51,265 [Worker-31] INFO  o.e.m.c.i.embedder.EclipseLogger - Copying 0 resource
2022-10-03 12:28:11,166 [Worker-27] WARN  o.e.m.c.i.embedder.EclipseLogger - Using platform encoding (Cp1252 actually) to copy filtered resources, i.e. build is platform dependent!
2022-10-03 12:28:11,167 [Worker-27] INFO  o.e.m.c.i.embedder.EclipseLogger - Copying 0 resource
2022-10-03 12:28:11,169 [Worker-27] WARN  o.e.m.c.i.embedder.EclipseLogger - Using platform encoding (Cp1252 actually) to copy filtered resources, i.e. build is platform dependent!
2022-10-03 12:28:11,169 [Worker-27] INFO  o.e.m.c.i.embedder.EclipseLogger - Copying 0 resource
2022-10-03 12:30:29,086 [Worker-30] WARN  o.e.m.c.i.embedder.EclipseLogger - Using platform encoding (Cp1252 actually) to copy filtered resources, i.e. build is platform dependent!
2022-10-03 12:30:29,087 [Worker-30] INFO  o.e.m.c.i.embedder.EclipseLogger - Copying 0 resource
2022-10-03 12:30:29,087 [Worker-30] WARN  o.e.m.c.i.embedder.EclipseLogger - Using platform encoding (Cp1252 actually) to copy filtered resources, i.e. build is platform dependent!
2022-10-03 12:30:29,088 [Worker-30] INFO  o.e.m.c.i.embedder.EclipseLogger - Copying 0 resource
2022-10-03 12:33:21,679 [Worker-26] WARN  o.e.m.c.i.embedder.EclipseLogger - Using platform encoding (Cp1252 actually) to copy filtered resources, i.e. build is platform dependent!
2022-10-03 12:33:21,680 [Worker-26] INFO  o.e.m.c.i.embedder.EclipseLogger - Copying 0 resource
2022-10-03 12:33:21,680 [Worker-26] WARN  o.e.m.c.i.embedder.EclipseLogger - Using platform encoding (Cp1252 actually) to copy filtered resources, i.e. build is platform dependent!
2022-10-03 12:33:21,681 [Worker-26] INFO  o.e.m.c.i.embedder.EclipseLogger - Copying 0 resource
2022-10-03 12:35:47,965 [Worker-31] WARN  o.e.m.c.i.embedder.EclipseLogger - Using platform encoding (Cp1252 actually) to copy filtered resources, i.e. build is platform dependent!
2022-10-03 12:35:47,966 [Worker-31] INFO  o.e.m.c.i.embedder.EclipseLogger - Copying 0 resource
2022-10-03 12:35:47,966 [Worker-31] WARN  o.e.m.c.i.embedder.EclipseLogger - Using platform encoding (Cp1252 actually) to copy filtered resources, i.e. build is platform dependent!
2022-10-03 12:35:47,967 [Worker-31] INFO  o.e.m.c.i.embedder.EclipseLogger - Copying 0 resource
2022-10-03 12:37:13,367 [Worker-29] WARN  o.e.m.c.i.embedder.EclipseLogger - Using platform encoding (Cp1252 actually) to copy filtered resources, i.e. build is platform dependent!
2022-10-03 12:37:13,368 [Worker-29] INFO  o.e.m.c.i.embedder.EclipseLogger - Copying 0 resource
2022-10-03 12:37:13,369 [Worker-29] WARN  o.e.m.c.i.embedder.EclipseLogger - Using platform encoding (Cp1252 actually) to copy filtered resources, i.e. build is platform dependent!
2022-10-03 12:37:13,370 [Worker-29] INFO  o.e.m.c.i.embedder.EclipseLogger - Copying 0 resource
2022-10-03 12:41:21,729 [Worker-21] WARN  o.e.m.c.i.embedder.EclipseLogger - Using platform encoding (Cp1252 actually) to copy filtered resources, i.e. build is platform dependent!
2022-10-03 12:41:21,730 [Worker-21] INFO  o.e.m.c.i.embedder.EclipseLogger - Copying 0 resource
2022-10-03 12:41:21,731 [Worker-21] WARN  o.e.m.c.i.embedder.EclipseLogger - Using platform encoding (Cp1252 actually) to copy filtered resources, i.e. build is platform dependent!
2022-10-03 12:41:21,731 [Worker-21] INFO  o.e.m.c.i.embedder.EclipseLogger - Copying 0 resource
2022-10-03 12:44:32,957 [Worker-28] WARN  o.e.m.c.i.embedder.EclipseLogger - Using platform encoding (Cp1252 actually) to copy filtered resources, i.e. build is platform dependent!
2022-10-03 12:44:32,958 [Worker-28] INFO  o.e.m.c.i.embedder.EclipseLogger - Copying 0 resource
2022-10-03 12:44:32,959 [Worker-28] WARN  o.e.m.c.i.embedder.EclipseLogger - Using platform encoding (Cp1252 actually) to copy filtered resources, i.e. build is platform dependent!
2022-10-03 12:44:32,959 [Worker-28] INFO  o.e.m.c.i.embedder.EclipseLogger - Copying 0 resource
2022-10-03 12:44:51,132 [Worker-21] WARN  o.e.m.c.i.embedder.EclipseLogger - Using platform encoding (Cp1252 actually) to copy filtered resources, i.e. build is platform dependent!
2022-10-03 12:44:51,132 [Worker-21] INFO  o.e.m.c.i.embedder.EclipseLogger - Copying 0 resource
2022-10-03 12:44:51,133 [Worker-21] WARN  o.e.m.c.i.embedder.EclipseLogger - Using platform encoding (Cp1252 actually) to copy filtered resources, i.e. build is platform dependent!
2022-10-03 12:44:51,134 [Worker-21] INFO  o.e.m.c.i.embedder.EclipseLogger - Copying 0 resource
2022-10-03 12:45:30,287 [Worker-26] WARN  o.e.m.c.i.embedder.EclipseLogger - Using platform encoding (Cp1252 actually) to copy filtered resources, i.e. build is platform dependent!
2022-10-03 12:45:30,288 [Worker-26] INFO  o.e.m.c.i.embedder.EclipseLogger - Copying 0 resource
2022-10-03 12:45:30,289 [Worker-26] WARN  o.e.m.c.i.embedder.EclipseLogger - Using platform encoding (Cp1252 actually) to copy filtered resources, i.e. build is platform dependent!
2022-10-03 12:45:30,289 [Worker-26] INFO  o.e.m.c.i.embedder.EclipseLogger - Copying 0 resource
2022-10-03 14:21:08,003 [Worker-54] INFO  o.e.m.c.i.l.LifecycleMappingFactory - Using org.eclipse.m2e.jdt.JarLifecycleMapping lifecycle mapping for MavenProject: com.ojas:IOStreams:0.0.1-SNAPSHOT @ D:\workspace\IOStreams\pom.xml.
2022-10-03 14:21:08,115 [Worker-54] INFO  o.e.m.j.i.AbstractJavaProjectConfigurator - Adding source folder /IOStreams/src/main/java
2022-10-03 14:21:08,116 [Worker-54] INFO  o.e.m.j.i.AbstractJavaProjectConfigurator - Adding resource folder /IOStreams/src/main/resources
2022-10-03 14:21:08,116 [Worker-54] INFO  o.e.m.j.i.AbstractJavaProjectConfigurator - Adding source folder /IOStreams/src/test/java
2022-10-03 14:21:08,116 [Worker-54] INFO  o.e.m.j.i.AbstractJavaProjectConfigurator - Adding resource folder /IOStreams/src/test/resources
2022-10-03 14:21:08,419 [Worker-56] WARN  o.e.m.c.i.embedder.EclipseLogger - Using platform encoding (Cp1252 actually) to copy filtered resources, i.e. build is platform dependent!
2022-10-03 14:21:08,420 [Worker-56] INFO  o.e.m.c.i.embedder.EclipseLogger - Copying 0 resource
2022-10-03 14:21:08,421 [Worker-56] WARN  o.e.m.c.i.embedder.EclipseLogger - Using platform encoding (Cp1252 actually) to copy filtered resources, i.e. build is platform dependent!
2022-10-03 14:21:08,421 [Worker-56] INFO  o.e.m.c.i.embedder.EclipseLogger - Copying 0 resource
2022-10-03 14:21:30,711 [Worker-57] WARN  o.e.m.c.i.embedder.EclipseLogger - Using platform encoding (Cp1252 actually) to copy filtered resources, i.e. build is platform dependent!
2022-10-03 14:21:30,714 [Worker-57] INFO  o.e.m.c.i.embedder.EclipseLogger - Copying 0 resource
2022-10-03 14:21:30,715 [Worker-57] WARN  o.e.m.c.i.embedder.EclipseLogger - Using platform encoding (Cp1252 actually) to copy filtered resources, i.e. build is platform dependent!
2022-10-03 14:21:30,715 [Worker-57] INFO  o.e.m.c.i.embedder.EclipseLogger - Copying 0 resource
2022-10-03 14:21:43,283 [Worker-55] WARN  o.e.m.c.i.embedder.EclipseLogger - Using platform encoding (Cp1252 actually) to copy filtered resources, i.e. build is platform dependent!
2022-10-03 14:21:43,284 [Worker-55] INFO  o.e.m.c.i.embedder.EclipseLogger - Copying 0 resource
2022-10-03 14:21:43,285 [Worker-55] WARN  o.e.m.c.i.embedder.EclipseLogger - Using platform encoding (Cp1252 actually) to copy filtered resources, i.e. build is platform dependent!
2022-10-03 14:21:43,286 [Worker-55] INFO  o.e.m.c.i.embedder.EclipseLogger - Copying 0 resource
2022-10-03 14:22:13,767 [Worker-56] WARN  o.e.m.c.i.embedder.EclipseLogger - Using platform encoding (Cp1252 actually) to copy filtered resources, i.e. build is platform dependent!
2022-10-03 14:22:13,768 [Worker-56] INFO  o.e.m.c.i.embedder.EclipseLogger - Copying 0 resource
2022-10-03 14:22:13,770 [Worker-56] WARN  o.e.m.c.i.embedder.EclipseLogger - Using platform encoding (Cp1252 actually) to copy filtered resources, i.e. build is platform dependent!
2022-10-03 14:22:13,770 [Worker-56] INFO  o.e.m.c.i.embedder.EclipseLogger - Copying 0 resource
2022-10-03 14:26:13,511 [Worker-57] WARN  o.e.m.c.i.embedder.EclipseLogger - Using platform encoding (Cp1252 actually) to copy filtered resources, i.e. build is platform dependent!
2022-10-03 14:26:13,512 [Worker-57] INFO  o.e.m.c.i.embedder.EclipseLogger - Copying 0 resource
2022-10-03 14:26:13,513 [Worker-57] WARN  o.e.m.c.i.embedder.EclipseLogger - Using platform encoding (Cp1252 actually) to copy filtered resources, i.e. build is platform dependent!
2022-10-03 14:26:13,513 [Worker-57] INFO  o.e.m.c.i.embedder.EclipseLogger - Copying 0 resource
2022-10-03 14:27:15,856 [Worker-54] WARN  o.e.m.c.i.embedder.EclipseLogger - Using platform encoding (Cp1252 actually) to copy filtered resources, i.e. build is platform dependent!
2022-10-03 14:27:15,858 [Worker-54] INFO  o.e.m.c.i.embedder.EclipseLogger - Copying 0 resource
2022-10-03 14:27:15,862 [Worker-54] WARN  o.e.m.c.i.embedder.EclipseLogger - Using platform encoding (Cp1252 actually) to copy filtered resources, i.e. build is platform dependent!
2022-10-03 14:27:15,862 [Worker-54] INFO  o.e.m.c.i.embedder.EclipseLogger - Copying 0 resource
2022-10-03 14:27:39,526 [Worker-59] WARN  o.e.m.c.i.embedder.EclipseLogger - Using platform encoding (Cp1252 actually) to copy filtered resources, i.e. build is platform dependent!
2022-10-03 14:27:39,527 [Worker-59] INFO  o.e.m.c.i.embedder.EclipseLogger - Copying 0 resource
2022-10-03 14:27:39,528 [Worker-59] WARN  o.e.m.c.i.embedder.EclipseLogger - Using platform encoding (Cp1252 actually) to copy filtered resources, i.e. build is platform dependent!
2022-10-03 14:27:39,529 [Worker-59] INFO  o.e.m.c.i.embedder.EclipseLogger - Copying 0 resource
2022-10-03 14:28:52,944 [Worker-60] WARN  o.e.m.c.i.embedder.EclipseLogger - Using platform encoding (Cp1252 actually) to copy filtered resources, i.e. build is platform dependent!
2022-10-03 14:28:52,945 [Worker-60] INFO  o.e.m.c.i.embedder.EclipseLogger - Copying 0 resource
2022-10-03 14:28:52,948 [Worker-60] WARN  o.e.m.c.i.embedder.EclipseLogger - Using platform encoding (Cp1252 actually) to copy filtered resources, i.e. build is platform dependent!
2022-10-03 14:28:52,949 [Worker-60] INFO  o.e.m.c.i.embedder.EclipseLogger - Copying 0 resource
2022-10-03 14:29:12,569 [Worker-61] WARN  o.e.m.c.i.embedder.EclipseLogger - Using platform encoding (Cp1252 actually) to copy filtered resources, i.e. build is platform dependent!
2022-10-03 14:29:12,570 [Worker-61] INFO  o.e.m.c.i.embedder.EclipseLogger - Copying 0 resource
2022-10-03 14:29:12,571 [Worker-61] WARN  o.e.m.c.i.embedder.EclipseLogger - Using platform encoding (Cp1252 actually) to copy filtered resources, i.e. build is platform dependent!
2022-10-03 14:29:12,572 [Worker-61] INFO  o.e.m.c.i.embedder.EclipseLogger - Copying 0 resource
2022-10-10 18:57:03,849 [Worker-2801] WARN  o.e.m.c.i.embedder.EclipseLogger - Using platform encoding (Cp1252 actually) to copy filtered resources, i.e. build is platform dependent!
2022-10-10 18:57:03,891 [Worker-2801] INFO  o.e.m.c.i.embedder.EclipseLogger - Copying 0 resource
2022-10-10 18:57:03,893 [Worker-2801] WARN  o.e.m.c.i.embedder.EclipseLogger - Using platform encoding (Cp1252 actually) to copy filtered resources, i.e. build is platform dependent!
2022-10-10 18:57:03,893 [Worker-2801] INFO  o.e.m.c.i.embedder.EclipseLogger - Copying 0 resource
2022-10-12 10:01:27,755 [Worker-1: Loading available Gradle versions] INFO  o.e.b.c.i.u.g.PublishedGradleVersions - Gradle version information cache is out-of-date. Trying to update.
2022-10-12 10:01:29,385 [Worker-1: Loading available Gradle versions] INFO  o.e.b.c.i.u.g.PublishedGradleVersions - Updating Gradle version information cache failed. Using outdated cache.
2022-10-12 10:01:35,649 [Worker-5: Building] WARN  o.e.m.c.i.embedder.EclipseLogger - Using platform encoding (Cp1252 actually) to copy filtered resources, i.e. build is platform dependent!
2022-10-12 10:01:35,654 [Worker-5: Building] INFO  o.e.m.c.i.embedder.EclipseLogger - Copying 0 resource
2022-10-12 10:01:35,657 [Worker-5: Building] WARN  o.e.m.c.i.embedder.EclipseLogger - Using platform encoding (Cp1252 actually) to copy filtered resources, i.e. build is platform dependent!
2022-10-12 10:01:35,658 [Worker-5: Building] INFO  o.e.m.c.i.embedder.EclipseLogger - Copying 0 resource
2022-10-12 10:01:37,111 [Worker-5: Building] WARN  o.e.m.c.i.embedder.EclipseLogger - Using platform encoding (Cp1252 actually) to copy filtered resources, i.e. build is platform dependent!
2022-10-12 10:01:37,112 [Worker-5: Building] INFO  o.e.m.c.i.embedder.EclipseLogger - Copying 0 resource
2022-10-12 10:01:37,114 [Worker-5: Building] WARN  o.e.m.c.i.embedder.EclipseLogger - Using platform encoding (Cp1252 actually) to copy filtered resources, i.e. build is platform dependent!
2022-10-12 10:01:37,115 [Worker-5: Building] INFO  o.e.m.c.i.embedder.EclipseLogger - Copying 0 resource
2022-10-12 10:01:37,468 [Worker-5: Building] WARN  o.e.m.c.i.embedder.EclipseLogger - Using platform encoding (Cp1252 actually) to copy filtered resources, i.e. build is platform dependent!
2022-10-12 10:01:37,469 [Worker-5: Building] INFO  o.e.m.c.i.embedder.EclipseLogger - skip non existing resourceDirectory D:\workspace\java-streams-youtube\src\main\resources
2022-10-12 10:01:37,470 [Worker-5: Building] WARN  o.e.m.c.i.embedder.EclipseLogger - Using platform encoding (Cp1252 actually) to copy filtered resources, i.e. build is platform dependent!
2022-10-12 10:01:37,471 [Worker-5: Building] INFO  o.e.m.c.i.embedder.EclipseLogger - skip non existing resourceDirectory D:\workspace\java-streams-youtube\src\test\resources
2022-10-12 10:04:22,602 [Worker-0: Loading available Gradle versions] INFO  o.e.b.c.i.u.g.PublishedGradleVersions - Gradle version information cache is out-of-date. Trying to update.
2022-10-12 10:04:23,596 [Worker-0: Loading available Gradle versions] INFO  o.e.b.c.i.u.g.PublishedGradleVersions - Updating Gradle version information cache failed. Using outdated cache.
2022-10-12 10:05:31,317 [Worker-0: Loading available Gradle versions] INFO  o.e.b.c.i.u.g.PublishedGradleVersions - Gradle version information cache is out-of-date. Trying to update.
2022-10-12 10:05:32,277 [Worker-0: Loading available Gradle versions] INFO  o.e.b.c.i.u.g.PublishedGradleVersions - Updating Gradle version information cache failed. Using outdated cache.
2022-10-12 10:11:13,469 [Worker-0: Loading available Gradle versions] INFO  o.e.b.c.i.u.g.PublishedGradleVersions - Gradle version information cache is out-of-date. Trying to update.
2022-10-12 10:11:14,446 [Worker-0: Loading available Gradle versions] INFO  o.e.b.c.i.u.g.PublishedGradleVersions - Updating Gradle version information cache failed. Using outdated cache.
2022-10-12 10:11:56,935 [Worker-1: Building] WARN  o.e.m.c.i.embedder.EclipseLogger - Using platform encoding (Cp1252 actually) to copy filtered resources, i.e. build is platform dependent!
2022-10-12 10:11:56,940 [Worker-1: Building] INFO  o.e.m.c.i.embedder.EclipseLogger - Copying 0 resource
2022-10-12 10:11:56,942 [Worker-1: Building] WARN  o.e.m.c.i.embedder.EclipseLogger - Using platform encoding (Cp1252 actually) to copy filtered resources, i.e. build is platform dependent!
2022-10-12 10:11:56,943 [Worker-1: Building] INFO  o.e.m.c.i.embedder.EclipseLogger - Copying 0 resource
2022-10-12 10:11:57,220 [Worker-1: Building] WARN  o.e.m.c.i.embedder.EclipseLogger - Using platform encoding (Cp1252 actually) to copy filtered resources, i.e. build is platform dependent!
2022-10-12 10:11:57,221 [Worker-1: Building] INFO  o.e.m.c.i.embedder.EclipseLogger - Copying 0 resource
2022-10-12 10:11:57,223 [Worker-1: Building] WARN  o.e.m.c.i.embedder.EclipseLogger - Using platform encoding (Cp1252 actually) to copy filtered resources, i.e. build is platform dependent!
2022-10-12 10:11:57,224 [Worker-1: Building] INFO  o.e.m.c.i.embedder.EclipseLogger - Copying 0 resource
2022-10-12 10:11:57,313 [Worker-1: Building] WARN  o.e.m.c.i.embedder.EclipseLogger - Using platform encoding (Cp1252 actually) to copy filtered resources, i.e. build is platform dependent!
2022-10-12 10:11:57,313 [Worker-1: Building] INFO  o.e.m.c.i.embedder.EclipseLogger - skip non existing resourceDirectory D:\workspace\java-streams-youtube\src\main\resources
2022-10-12 10:11:57,315 [Worker-1: Building] WARN  o.e.m.c.i.embedder.EclipseLogger - Using platform encoding (Cp1252 actually) to copy filtered resources, i.e. build is platform dependent!
2022-10-12 10:11:57,315 [Worker-1: Building] INFO  o.e.m.c.i.embedder.EclipseLogger - skip non existing resourceDirectory D:\workspace\java-streams-youtube\src\test\resources
